<?xml version="1.0" encoding="UTF-8"?>
<!-- Generated by org.testng.reporters.JUnitReportReporter -->
<testsuite hostname="DESKTOP-U8F94J3" failures="0" tests="4" name="com.db.automation.test.DB_test" time="0.323" errors="0" timestamp="2022-11-16T12:52:26 NPT" skipped="0">
  <testcase classname="com.db.automation.test.DB_test" name="updateTableData" time="0.067"/>
  <system-out/>
  <testcase classname="com.db.automation.test.DB_test" name="getTableData" time="0.030"/>
  <system-out/>
  <testcase classname="com.db.automation.test.DB_test" name="insertData" time="0.064"/>
  <system-out/>
  <testcase classname="com.db.automation.test.DB_test" name="deleteTaleData" time="0.162"/>
  <system-out/>
</testsuite> <!-- com.db.automation.test.DB_test -->
